2022-03-25 19:19:47,868 - INFO - client - Происходит соединение с сервером 7777
2022-03-25 19:19:47,868 - DEBUG - client - Установлены значения адреса и порта по умолчанию
2022-03-25 19:19:47,869 - DEBUG - functions - Готово к отправке presence для пользователя name
2022-03-25 19:19:47,886 - DEBUG - decorator_log - 
Отчёт о вызове функции:
Время вызова функции: Fri Mar 25 19:19:47 2022
Имя функции: jim_presence
Аргументы функции: {'action': 'presence', 'time': 1648225187.8692584, 'user': {'name': 'User'}}
Функция вызвана из функции: connect_func
Функция вызвана из модуля: server_content.functions

2022-03-25 19:19:47,887 - DEBUG - decorator_log - 
Отчёт о вызове функции:
Время вызова функции: Fri Mar 25 19:19:47 2022
Имя функции: send_message
Аргументы функции: None
Функция вызвана из функции: connect_func
Функция вызвана из модуля: server_content.functions

2022-03-25 19:19:47,905 - DEBUG - decorator_log - 
Отчёт о вызове функции:
Время вызова функции: Fri Mar 25 19:19:47 2022
Имя функции: get_message
Аргументы функции: {'response': 200}
Функция вызвана из функции: connect_func
Функция вызвана из модуля: server_content.functions

2022-03-25 19:19:47,905 - DEBUG - functions - Проверка сообщения от сервера: {'response': 200}
2022-03-25 19:19:47,906 - DEBUG - decorator_log - 
Отчёт о вызове функции:
Время вызова функции: Fri Mar 25 19:19:47 2022
Имя функции: check_response
Аргументы функции: 200: OK
Функция вызвана из функции: connect_func
Функция вызвана из модуля: server_content.functions

2022-03-25 19:19:47,906 - DEBUG - client - Ответ сервера: 200: OK
2022-03-25 19:19:47,906 - DEBUG - decorator_log - 
Отчёт о вызове функции:
Время вызова функции: Fri Mar 25 19:19:47 2022
Имя функции: connect_func
Аргументы функции: None
Функция вызвана из функции: <module>
Функция вызвана из модуля: __main__

