2022-03-25 19:19:45,875 - DEBUG - server - Происходит соединение с портом 7777
2022-03-25 19:19:45,875 - DEBUG - server - Происходит соединение с адресом клиента
2022-03-25 19:19:47,869 - INFO - server - Установлено соединение с клиентом: ('127.0.0.1', 62117)
2022-03-25 19:19:47,903 - DEBUG - decorator_log - 
Отчёт о вызове функции:
Время вызова функции: Fri Mar 25 19:19:47 2022
Имя функции: get_message
Аргументы функции: {'action': 'presence', 'time': 1648225187.8692584, 'user': {'name': 'User'}}
Функция вызвана из функции: connect_func
Функция вызвана из модуля: server_content.functions

2022-03-25 19:19:47,903 - DEBUG - server - Сообщение от клиента:
{'action': 'presence', 'time': 1648225187.8692584, 'user': {'name': 'User'}}
2022-03-25 19:19:47,903 - DEBUG - functions - Проверка сообщения от клиента: {'action': 'presence', 'time': 1648225187.8692584, 'user': {'name': 'User'}}
2022-03-25 19:19:47,904 - DEBUG - decorator_log - 
Отчёт о вызове функции:
Время вызова функции: Fri Mar 25 19:19:47 2022
Имя функции: client_message
Аргументы функции: {'response': 200}
Функция вызвана из функции: connect_func
Функция вызвана из модуля: server_content.functions

2022-03-25 19:19:47,905 - DEBUG - decorator_log - 
Отчёт о вызове функции:
Время вызова функции: Fri Mar 25 19:19:47 2022
Имя функции: send_message
Аргументы функции: None
Функция вызвана из функции: connect_func
Функция вызвана из модуля: server_content.functions

2022-03-25 19:19:47,905 - INFO - server - Клиенту отправлено сообщение {'response': 200}
2022-03-25 19:19:47,905 - DEBUG - server - Соединение с клиентом ('127.0.0.1', 62117) заканчивается
